## ======== Embroidery Draw VERSION: 2.0======== 
java.lang.IllegalStateException: onPasteIntoCurrentLayer(): Nothing to paste.
	at mlnr.gui.CopyCutPaste.onPasteIntoCurrentLayer(CopyCutPaste.java:105)
	at mlnr.gui.FrameEmbroideryDraw$BarStandardListen.actionPerformed(FrameEmbroideryDraw.java:2086)
	at javax.swing.AbstractButton.fireActionPerformed(AbstractButton.java:1995)
	at javax.swing.AbstractButton$Handler.actionPerformed(AbstractButton.java:2318)
	at javax.swing.DefaultButtonModel.fireActionPerformed(DefaultButtonModel.java:387)
	at javax.swing.DefaultButtonModel.setPressed(DefaultButtonModel.java:242)
	at javax.swing.plaf.basic.BasicButtonListener.mouseReleased(BasicButtonListener.java:236)
	at java.awt.AWTEventMulticaster.mouseReleased(AWTEventMulticaster.java:272)
	at java.awt.Component.processMouseEvent(Component.java:6041)
	at javax.swing.JComponent.processMouseEvent(JComponent.java:3265)
	at java.awt.Component.processEvent(Component.java:5806)
	at java.awt.Container.processEvent(Container.java:2058)
	at java.awt.Component.dispatchEventImpl(Component.java:4413)
	at java.awt.Container.dispatchEventImpl(Container.java:2116)
	at java.awt.Component.dispatchEvent(Component.java:4243)
	at java.awt.LightweightDispatcher.retargetMouseEvent(Container.java:4322)
	at java.awt.LightweightDispatcher.processMouseEvent(Container.java:3986)
	at java.awt.LightweightDispatcher.dispatchEvent(Container.java:3916)
	at java.awt.Container.dispatchEventImpl(Container.java:2102)
	at java.awt.Window.dispatchEventImpl(Window.java:2440)
	at java.awt.Component.dispatchEvent(Component.java:4243)
	at java.awt.EventQueue.dispatchEvent(EventQueue.java:599)
	at java.awt.EventDispatchThread.pumpOneEventForFilters(EventDispatchThread.java:273)
	at java.awt.EventDispatchThread.pumpEventsForFilter(EventDispatchThread.java:183)
	at java.awt.EventDispatchThread.pumpEventsForHierarchy(EventDispatchThread.java:173)
	at java.awt.EventDispatchThread.pumpEvents(EventDispatchThread.java:168)
	at java.awt.EventDispatchThread.pumpEvents(EventDispatchThread.java:160)
	at java.awt.EventDispatchThread.run(EventDispatchThread.java:121)
## ======== Embroidery Draw VERSION: 2.0======== 
java.lang.IllegalStateException: onPasteIntoCurrentLayer(): Nothing to paste.
	at mlnr.gui.CopyCutPaste.onPasteIntoCurrentLayer(CopyCutPaste.java:105)
	at mlnr.gui.FrameEmbroideryDraw$BarStandardListen.actionPerformed(FrameEmbroideryDraw.java:2086)
	at javax.swing.AbstractButton.fireActionPerformed(AbstractButton.java:1995)
	at javax.swing.AbstractButton$Handler.actionPerformed(AbstractButton.java:2318)
	at javax.swing.DefaultButtonModel.fireActionPerformed(DefaultButtonModel.java:387)
	at javax.swing.DefaultButtonModel.setPressed(DefaultButtonModel.java:242)
	at javax.swing.plaf.basic.BasicButtonListener.mouseReleased(BasicButtonListener.java:236)
	at java.awt.AWTEventMulticaster.mouseReleased(AWTEventMulticaster.java:272)
	at java.awt.Component.processMouseEvent(Component.java:6041)
	at javax.swing.JComponent.processMouseEvent(JComponent.java:3265)
	at java.awt.Component.processEvent(Component.java:5806)
	at java.awt.Container.processEvent(Container.java:2058)
	at java.awt.Component.dispatchEventImpl(Component.java:4413)
	at java.awt.Container.dispatchEventImpl(Container.java:2116)
	at java.awt.Component.dispatchEvent(Component.java:4243)
	at java.awt.LightweightDispatcher.retargetMouseEvent(Container.java:4322)
	at java.awt.LightweightDispatcher.processMouseEvent(Container.java:3986)
	at java.awt.LightweightDispatcher.dispatchEvent(Container.java:3916)
	at java.awt.Container.dispatchEventImpl(Container.java:2102)
	at java.awt.Window.dispatchEventImpl(Window.java:2440)
	at java.awt.Component.dispatchEvent(Component.java:4243)
	at java.awt.EventQueue.dispatchEvent(EventQueue.java:599)
	at java.awt.EventDispatchThread.pumpOneEventForFilters(EventDispatchThread.java:273)
	at java.awt.EventDispatchThread.pumpEventsForFilter(EventDispatchThread.java:183)
	at java.awt.EventDispatchThread.pumpEventsForHierarchy(EventDispatchThread.java:173)
	at java.awt.EventDispatchThread.pumpEvents(EventDispatchThread.java:168)
	at java.awt.EventDispatchThread.pumpEvents(EventDispatchThread.java:160)
	at java.awt.EventDispatchThread.run(EventDispatchThread.java:121)
## ======== Embroidery Draw VERSION: 2.0======== 
java.lang.IllegalStateException: onPasteIntoCurrentLayer(): Nothing to paste.
	at mlnr.gui.CopyCutPaste.onPasteIntoCurrentLayer(CopyCutPaste.java:105)
	at mlnr.gui.FrameEmbroideryDraw$BarStandardListen.actionPerformed(FrameEmbroideryDraw.java:2092)
	at javax.swing.AbstractButton.fireActionPerformed(AbstractButton.java:1995)
	at javax.swing.AbstractButton$Handler.actionPerformed(AbstractButton.java:2318)
	at javax.swing.DefaultButtonModel.fireActionPerformed(DefaultButtonModel.java:387)
	at javax.swing.DefaultButtonModel.setPressed(DefaultButtonModel.java:242)
	at javax.swing.plaf.basic.BasicButtonListener.mouseReleased(BasicButtonListener.java:236)
	at java.awt.AWTEventMulticaster.mouseReleased(AWTEventMulticaster.java:272)
	at java.awt.Component.processMouseEvent(Component.java:6041)
	at javax.swing.JComponent.processMouseEvent(JComponent.java:3265)
	at java.awt.Component.processEvent(Component.java:5806)
	at java.awt.Container.processEvent(Container.java:2058)
	at java.awt.Component.dispatchEventImpl(Component.java:4413)
	at java.awt.Container.dispatchEventImpl(Container.java:2116)
	at java.awt.Component.dispatchEvent(Component.java:4243)
	at java.awt.LightweightDispatcher.retargetMouseEvent(Container.java:4322)
	at java.awt.LightweightDispatcher.processMouseEvent(Container.java:3986)
	at java.awt.LightweightDispatcher.dispatchEvent(Container.java:3916)
	at java.awt.Container.dispatchEventImpl(Container.java:2102)
	at java.awt.Window.dispatchEventImpl(Window.java:2440)
	at java.awt.Component.dispatchEvent(Component.java:4243)
	at java.awt.EventQueue.dispatchEvent(EventQueue.java:599)
	at java.awt.EventDispatchThread.pumpOneEventForFilters(EventDispatchThread.java:273)
	at java.awt.EventDispatchThread.pumpEventsForFilter(EventDispatchThread.java:183)
	at java.awt.EventDispatchThread.pumpEventsForHierarchy(EventDispatchThread.java:173)
	at java.awt.EventDispatchThread.pumpEvents(EventDispatchThread.java:168)
	at java.awt.EventDispatchThread.pumpEvents(EventDispatchThread.java:160)
	at java.awt.EventDispatchThread.run(EventDispatchThread.java:121)
## ======== Embroidery Draw VERSION: 2.0======== 
java.lang.OutOfMemoryError: Java heap space
	at java.awt.image.DataBufferByte.<init>(DataBufferByte.java:58)
	at java.awt.image.ComponentSampleModel.createDataBuffer(ComponentSampleModel.java:397)
	at java.awt.image.Raster.createWritableRaster(Raster.java:938)
	at javax.imageio.ImageTypeSpecifier.createBufferedImage(ImageTypeSpecifier.java:1169)
	at javax.imageio.ImageReader.getDestination(ImageReader.java:2879)
	at com.sun.imageio.plugins.jpeg.JPEGImageReader.readInternal(JPEGImageReader.java:943)
	at com.sun.imageio.plugins.jpeg.JPEGImageReader.read(JPEGImageReader.java:915)
	at javax.imageio.ImageIO.read(ImageIO.java:1422)
	at javax.imageio.ImageIO.read(ImageIO.java:1282)
	at mlnr.gui.cpnt.ImagePreview.updateImage(ImagePreview.java:41)
	at mlnr.gui.cpnt.ImagePreview.propertyChange(ImagePreview.java:30)
	at java.beans.PropertyChangeSupport.firePropertyChange(PropertyChangeSupport.java:339)
	at java.beans.PropertyChangeSupport.firePropertyChange(PropertyChangeSupport.java:276)
	at java.awt.Component.firePropertyChange(Component.java:7868)
	at javax.swing.JFileChooser.showDialog(JFileChooser.java:724)
	at javax.swing.JFileChooser.showOpenDialog(JFileChooser.java:626)
	at mlnr.gui.dlg.DialogFileChooser.show(DialogFileChooser.java:175)
	at mlnr.gui.dlg.DialogFileChooser.showLoadDialog(DialogFileChooser.java:94)
	at mlnr.gui.cpnt.DrawingPad.loadImage(DrawingPad.java:681)
	at mlnr.gui.cpnt.DesignTabbedPane.loadImage(DesignTabbedPane.java:312)
	at mlnr.gui.FrameEmbroideryDraw$ImageMenuListen.actionPerformed(FrameEmbroideryDraw.java:1799)
	at javax.swing.AbstractButton.fireActionPerformed(AbstractButton.java:1995)
	at javax.swing.AbstractButton$Handler.actionPerformed(AbstractButton.java:2318)
	at javax.swing.DefaultButtonModel.fireActionPerformed(DefaultButtonModel.java:387)
	at javax.swing.DefaultButtonModel.setPressed(DefaultButtonModel.java:242)
	at javax.swing.AbstractButton.doClick(AbstractButton.java:357)
	at javax.swing.plaf.basic.BasicMenuItemUI.doClick(BasicMenuItemUI.java:1220)
	at javax.swing.plaf.basic.BasicMenuItemUI$Handler.menuDragMouseReleased(BasicMenuItemUI.java:1324)
	at javax.swing.JMenuItem.fireMenuDragMouseReleased(JMenuItem.java:568)
	at javax.swing.JMenuItem.processMenuDragMouseEvent(JMenuItem.java:465)
	at javax.swing.JMenuItem.processMouseEvent(JMenuItem.java:411)
	at javax.swing.MenuSelectionManager.processMouseEvent(MenuSelectionManager.java:304)
## ======== Embroidery Draw VERSION: 2.0======== 
java.lang.OutOfMemoryError: Java heap space
	at java.awt.image.DataBufferByte.<init>(DataBufferByte.java:58)
	at java.awt.image.ComponentSampleModel.createDataBuffer(ComponentSampleModel.java:397)
	at java.awt.image.Raster.createWritableRaster(Raster.java:938)
	at javax.imageio.ImageTypeSpecifier.createBufferedImage(ImageTypeSpecifier.java:1169)
	at javax.imageio.ImageReader.getDestination(ImageReader.java:2879)
	at com.sun.imageio.plugins.jpeg.JPEGImageReader.readInternal(JPEGImageReader.java:943)
	at com.sun.imageio.plugins.jpeg.JPEGImageReader.read(JPEGImageReader.java:915)
	at javax.imageio.ImageIO.read(ImageIO.java:1422)
	at javax.imageio.ImageIO.read(ImageIO.java:1282)
	at mlnr.gui.cpnt.ImagePreview.updateImage(ImagePreview.java:41)
	at mlnr.gui.cpnt.ImagePreview.propertyChange(ImagePreview.java:30)
	at java.beans.PropertyChangeSupport.firePropertyChange(PropertyChangeSupport.java:339)
	at java.beans.PropertyChangeSupport.firePropertyChange(PropertyChangeSupport.java:276)
	at java.awt.Component.firePropertyChange(Component.java:7868)
	at javax.swing.JComponent.removeNotify(JComponent.java:4703)
	at java.awt.Container.removeNotify(Container.java:2619)
	at javax.swing.JComponent.removeNotify(JComponent.java:4699)
	at java.awt.Container.removeNotify(Container.java:2619)
	at javax.swing.JComponent.removeNotify(JComponent.java:4699)
	at java.awt.Container.removeNotify(Container.java:2619)
	at javax.swing.JComponent.removeNotify(JComponent.java:4699)
	at javax.swing.JRootPane.removeNotify(JRootPane.java:750)
	at java.awt.Container.removeNotify(Container.java:2619)
	at java.awt.Window.removeNotify(Window.java:650)
	at java.awt.Window$1DisposeAction.run(Window.java:978)
	at java.awt.Window.doDispose(Window.java:990)
	at java.awt.Dialog.doDispose(Dialog.java:1243)
	at java.awt.Window.dispose(Window.java:937)
	at java.awt.Window.disposeImpl(Window.java:947)
	at java.awt.Window$1DisposeAction.run(Window.java:973)
	at java.awt.Window.doDispose(Window.java:990)
	at java.awt.Window.dispose(Window.java:937)
## ======== Embroidery Draw VERSION: 2.0======== 
java.lang.OutOfMemoryError: Java heap space
	at java.awt.image.DataBufferByte.<init>(DataBufferByte.java:58)
	at java.awt.image.ComponentSampleModel.createDataBuffer(ComponentSampleModel.java:397)
	at java.awt.image.Raster.createWritableRaster(Raster.java:938)
	at javax.imageio.ImageTypeSpecifier.createBufferedImage(ImageTypeSpecifier.java:1169)
	at javax.imageio.ImageReader.getDestination(ImageReader.java:2879)
	at com.sun.imageio.plugins.jpeg.JPEGImageReader.readInternal(JPEGImageReader.java:943)
	at com.sun.imageio.plugins.jpeg.JPEGImageReader.read(JPEGImageReader.java:915)
	at javax.imageio.ImageIO.read(ImageIO.java:1422)
	at javax.imageio.ImageIO.read(ImageIO.java:1282)
	at mlnr.gui.cpnt.ImagePreview.updateImage(ImagePreview.java:41)
	at mlnr.gui.cpnt.ImagePreview.propertyChange(ImagePreview.java:30)
	at java.beans.PropertyChangeSupport.firePropertyChange(PropertyChangeSupport.java:339)
	at java.beans.PropertyChangeSupport.firePropertyChange(PropertyChangeSupport.java:276)
	at java.awt.Component.firePropertyChange(Component.java:7868)
	at javax.swing.JComponent.removeNotify(JComponent.java:4703)
	at java.awt.Container.removeNotify(Container.java:2619)
	at javax.swing.JComponent.removeNotify(JComponent.java:4699)
	at java.awt.Container.removeNotify(Container.java:2619)
	at javax.swing.JComponent.removeNotify(JComponent.java:4699)
	at java.awt.Container.removeNotify(Container.java:2619)
	at javax.swing.JComponent.removeNotify(JComponent.java:4699)
	at javax.swing.JRootPane.removeNotify(JRootPane.java:750)
	at java.awt.Container.removeNotify(Container.java:2619)
	at java.awt.Window.removeNotify(Window.java:650)
	at java.awt.Window$1DisposeAction.run(Window.java:978)
	at java.awt.Window.doDispose(Window.java:990)
	at java.awt.Dialog.doDispose(Dialog.java:1243)
	at java.awt.Window.dispose(Window.java:937)
	at java.awt.Window.disposeImpl(Window.java:947)
	at java.awt.Window$1DisposeAction.run(Window.java:973)
	at java.awt.Window.doDispose(Window.java:990)
	at java.awt.Window.dispose(Window.java:937)
## ======== Embroidery Draw VERSION: 2.0======== 
java.lang.OutOfMemoryError: Java heap space
## ======== Embroidery Draw VERSION: 2.0======== 
java.lang.OutOfMemoryError: Java heap space
## ======== Embroidery Draw VERSION: 2.0======== 
java.lang.OutOfMemoryError: Java heap space
	at java.awt.image.DataBufferByte.<init>(DataBufferByte.java:58)
	at java.awt.image.ComponentSampleModel.createDataBuffer(ComponentSampleModel.java:397)
	at java.awt.image.Raster.createWritableRaster(Raster.java:938)
	at javax.imageio.ImageTypeSpecifier.createBufferedImage(ImageTypeSpecifier.java:1169)
	at javax.imageio.ImageReader.getDestination(ImageReader.java:2879)
	at com.sun.imageio.plugins.jpeg.JPEGImageReader.readInternal(JPEGImageReader.java:943)
	at com.sun.imageio.plugins.jpeg.JPEGImageReader.read(JPEGImageReader.java:915)
	at javax.imageio.ImageIO.read(ImageIO.java:1422)
	at javax.imageio.ImageIO.read(ImageIO.java:1282)
	at mlnr.gui.cpnt.ImagePreview.updateImage(ImagePreview.java:41)
	at mlnr.gui.cpnt.ImagePreview.propertyChange(ImagePreview.java:30)
	at java.beans.PropertyChangeSupport.firePropertyChange(PropertyChangeSupport.java:339)
	at java.beans.PropertyChangeSupport.firePropertyChange(PropertyChangeSupport.java:276)
	at java.awt.Component.firePropertyChange(Component.java:7868)
	at javax.swing.JFileChooser.showDialog(JFileChooser.java:724)
	at javax.swing.JFileChooser.showOpenDialog(JFileChooser.java:626)
	at mlnr.gui.dlg.DialogFileChooser.show(DialogFileChooser.java:175)
	at mlnr.gui.dlg.DialogFileChooser.showLoadDialog(DialogFileChooser.java:94)
	at mlnr.gui.cpnt.DrawingPad.loadImage(DrawingPad.java:681)
	at mlnr.gui.cpnt.DesignTabbedPane.loadImage(DesignTabbedPane.java:312)
	at mlnr.gui.FrameEmbroideryDraw$ImageMenuListen.actionPerformed(FrameEmbroideryDraw.java:1799)
	at javax.swing.AbstractButton.fireActionPerformed(AbstractButton.java:1995)
	at javax.swing.AbstractButton$Handler.actionPerformed(AbstractButton.java:2318)
	at javax.swing.DefaultButtonModel.fireActionPerformed(DefaultButtonModel.java:387)
	at javax.swing.DefaultButtonModel.setPressed(DefaultButtonModel.java:242)
	at javax.swing.AbstractButton.doClick(AbstractButton.java:357)
	at javax.swing.plaf.basic.BasicMenuItemUI.doClick(BasicMenuItemUI.java:1220)
	at javax.swing.plaf.basic.BasicMenuItemUI$Handler.mouseReleased(BasicMenuItemUI.java:1261)
	at java.awt.Component.processMouseEvent(Component.java:6041)
	at javax.swing.JComponent.processMouseEvent(JComponent.java:3265)
	at java.awt.Component.processEvent(Component.java:5806)
	at java.awt.Container.processEvent(Container.java:2058)
## ======== Embroidery Draw VERSION: 2.0======== 
java.lang.ArrayIndexOutOfBoundsException: 0
	at mlnr.Main.main(Main.java:52)
## ======== Embroidery Draw VERSION: 2.0======== 
java.lang.ArrayIndexOutOfBoundsException: 1
	at javax.swing.plaf.basic.BasicListUI.updateLayoutState(BasicListUI.java:1349)
	at javax.swing.plaf.basic.BasicListUI.maybeUpdateLayoutState(BasicListUI.java:1292)
	at javax.swing.plaf.basic.BasicListUI.getCellBounds(BasicListUI.java:933)
	at javax.swing.plaf.basic.BasicListUI$Handler.repaintCellFocus(BasicListUI.java:2789)
	at javax.swing.plaf.basic.BasicListUI$Handler.focusGained(BasicListUI.java:2801)
	at java.awt.Component.processFocusEvent(Component.java:5930)
	at java.awt.Component.processEvent(Component.java:5797)
	at java.awt.Container.processEvent(Container.java:2058)
	at java.awt.Component.dispatchEventImpl(Component.java:4413)
	at java.awt.Container.dispatchEventImpl(Container.java:2116)
	at java.awt.Component.dispatchEvent(Component.java:4243)
	at java.awt.KeyboardFocusManager.redispatchEvent(KeyboardFocusManager.java:1848)
	at java.awt.DefaultKeyboardFocusManager.typeAheadAssertions(DefaultKeyboardFocusManager.java:873)
	at java.awt.DefaultKeyboardFocusManager.dispatchEvent(DefaultKeyboardFocusManager.java:505)
	at java.awt.Component.dispatchEventImpl(Component.java:4285)
	at java.awt.Container.dispatchEventImpl(Container.java:2116)
	at java.awt.Component.dispatchEvent(Component.java:4243)
	at java.awt.EventQueue.dispatchEvent(EventQueue.java:599)
	at java.awt.EventDispatchThread.pumpOneEventForFilters(EventDispatchThread.java:273)
	at java.awt.EventDispatchThread.pumpEventsForFilter(EventDispatchThread.java:183)
	at java.awt.EventDispatchThread.pumpEventsForHierarchy(EventDispatchThread.java:173)
	at java.awt.EventDispatchThread.pumpEvents(EventDispatchThread.java:168)
	at java.awt.EventDispatchThread.pumpEvents(EventDispatchThread.java:160)
	at java.awt.EventDispatchThread.run(EventDispatchThread.java:121)
## ======== Embroidery Draw VERSION: 2.0======== 
java.lang.IllegalStateException: Reached unreachable.
	at mlnr.EmbroideryDraw.generateDollie(EmbroideryDraw.java:345)
	at mlnr.gui.FrameEmbroideryDraw.generateDollie(FrameEmbroideryDraw.java:1337)
	at mlnr.gui.FrameEmbroideryDraw.access$800(FrameEmbroideryDraw.java:43)
	at mlnr.gui.FrameEmbroideryDraw$BarGeneratorListen.actionPerformed(FrameEmbroideryDraw.java:1972)
	at javax.swing.AbstractButton.fireActionPerformed(AbstractButton.java:1995)
	at javax.swing.AbstractButton$Handler.actionPerformed(AbstractButton.java:2318)
	at javax.swing.DefaultButtonModel.fireActionPerformed(DefaultButtonModel.java:387)
	at javax.swing.DefaultButtonModel.setPressed(DefaultButtonModel.java:242)
	at javax.swing.plaf.basic.BasicButtonListener.mouseReleased(BasicButtonListener.java:236)
	at java.awt.AWTEventMulticaster.mouseReleased(AWTEventMulticaster.java:272)
	at java.awt.Component.processMouseEvent(Component.java:6041)
	at javax.swing.JComponent.processMouseEvent(JComponent.java:3265)
	at java.awt.Component.processEvent(Component.java:5806)
	at java.awt.Container.processEvent(Container.java:2058)
	at java.awt.Component.dispatchEventImpl(Component.java:4413)
	at java.awt.Container.dispatchEventImpl(Container.java:2116)
	at java.awt.Component.dispatchEvent(Component.java:4243)
	at java.awt.LightweightDispatcher.retargetMouseEvent(Container.java:4322)
	at java.awt.LightweightDispatcher.processMouseEvent(Container.java:3986)
	at java.awt.LightweightDispatcher.dispatchEvent(Container.java:3916)
	at java.awt.Container.dispatchEventImpl(Container.java:2102)
	at java.awt.Window.dispatchEventImpl(Window.java:2440)
	at java.awt.Component.dispatchEvent(Component.java:4243)
	at java.awt.EventQueue.dispatchEvent(EventQueue.java:599)
	at java.awt.EventDispatchThread.pumpOneEventForFilters(EventDispatchThread.java:273)
	at java.awt.EventDispatchThread.pumpEventsForFilter(EventDispatchThread.java:183)
	at java.awt.EventDispatchThread.pumpEventsForHierarchy(EventDispatchThread.java:173)
	at java.awt.EventDispatchThread.pumpEvents(EventDispatchThread.java:168)
	at java.awt.EventDispatchThread.pumpEvents(EventDispatchThread.java:160)
	at java.awt.EventDispatchThread.run(EventDispatchThread.java:121)
## ======== Embroidery Draw VERSION: 2.0======== 
java.lang.NullPointerException
	at mlnr.gui.cpnt.LayerPanel.mouseClicked(LayerPanel.java:450)
	at java.awt.AWTEventMulticaster.mouseClicked(AWTEventMulticaster.java:253)
	at java.awt.Component.processMouseEvent(Component.java:6044)
	at javax.swing.JComponent.processMouseEvent(JComponent.java:3265)
	at java.awt.Component.processEvent(Component.java:5806)
	at java.awt.Container.processEvent(Container.java:2058)
	at java.awt.Component.dispatchEventImpl(Component.java:4413)
	at java.awt.Container.dispatchEventImpl(Container.java:2116)
	at java.awt.Component.dispatchEvent(Component.java:4243)
	at java.awt.LightweightDispatcher.retargetMouseEvent(Container.java:4322)
	at java.awt.LightweightDispatcher.processMouseEvent(Container.java:3995)
	at java.awt.LightweightDispatcher.dispatchEvent(Container.java:3916)
	at java.awt.Container.dispatchEventImpl(Container.java:2102)
	at java.awt.Window.dispatchEventImpl(Window.java:2440)
	at java.awt.Component.dispatchEvent(Component.java:4243)
	at java.awt.EventQueue.dispatchEvent(EventQueue.java:599)
	at java.awt.EventDispatchThread.pumpOneEventForFilters(EventDispatchThread.java:273)
	at java.awt.EventDispatchThread.pumpEventsForFilter(EventDispatchThread.java:183)
	at java.awt.EventDispatchThread.pumpEventsForHierarchy(EventDispatchThread.java:173)
	at java.awt.EventDispatchThread.pumpEvents(EventDispatchThread.java:168)
	at java.awt.EventDispatchThread.pumpEvents(EventDispatchThread.java:160)
	at java.awt.EventDispatchThread.run(EventDispatchThread.java:121)
## ======== Embroidery Draw VERSION: 2.0======== 
java.lang.NullPointerException
	at mlnr.gui.gen.DollieGenerator.generateAdvanceDollie(DollieGenerator.java:54)
	at mlnr.gui.cpnt.DesignDocument.generateAdvanceDollie(DesignDocument.java:231)
	at mlnr.EmbroideryDraw.generateDollie(EmbroideryDraw.java:327)
	at mlnr.gui.FrameEmbroideryDraw.generateDollie(FrameEmbroideryDraw.java:1337)
	at mlnr.gui.FrameEmbroideryDraw.access$800(FrameEmbroideryDraw.java:43)
	at mlnr.gui.FrameEmbroideryDraw$BarGeneratorListen.actionPerformed(FrameEmbroideryDraw.java:1972)
	at javax.swing.AbstractButton.fireActionPerformed(AbstractButton.java:1995)
	at javax.swing.AbstractButton$Handler.actionPerformed(AbstractButton.java:2318)
	at javax.swing.DefaultButtonModel.fireActionPerformed(DefaultButtonModel.java:387)
	at javax.swing.DefaultButtonModel.setPressed(DefaultButtonModel.java:242)
	at javax.swing.plaf.basic.BasicButtonListener.mouseReleased(BasicButtonListener.java:236)
	at java.awt.AWTEventMulticaster.mouseReleased(AWTEventMulticaster.java:272)
	at java.awt.Component.processMouseEvent(Component.java:6041)
	at javax.swing.JComponent.processMouseEvent(JComponent.java:3265)
	at java.awt.Component.processEvent(Component.java:5806)
	at java.awt.Container.processEvent(Container.java:2058)
	at java.awt.Component.dispatchEventImpl(Component.java:4413)
	at java.awt.Container.dispatchEventImpl(Container.java:2116)
	at java.awt.Component.dispatchEvent(Component.java:4243)
	at java.awt.LightweightDispatcher.retargetMouseEvent(Container.java:4322)
	at java.awt.LightweightDispatcher.processMouseEvent(Container.java:3986)
	at java.awt.LightweightDispatcher.dispatchEvent(Container.java:3916)
	at java.awt.Container.dispatchEventImpl(Container.java:2102)
	at java.awt.Window.dispatchEventImpl(Window.java:2440)
	at java.awt.Component.dispatchEvent(Component.java:4243)
	at java.awt.EventQueue.dispatchEvent(EventQueue.java:599)
	at java.awt.EventDispatchThread.pumpOneEventForFilters(EventDispatchThread.java:273)
	at java.awt.EventDispatchThread.pumpEventsForFilter(EventDispatchThread.java:183)
	at java.awt.EventDispatchThread.pumpEventsForHierarchy(EventDispatchThread.java:173)
	at java.awt.EventDispatchThread.pumpEvents(EventDispatchThread.java:168)
	at java.awt.EventDispatchThread.pumpEvents(EventDispatchThread.java:160)
	at java.awt.EventDispatchThread.run(EventDispatchThread.java:121)
## ======== Embroidery Draw VERSION: 2.0.0======== 
java.lang.IllegalArgumentException: setZoom() document must exist.
	at mlnr.gui.cpnt.DesignTabbedPane.setZoom(DesignTabbedPane.java:278)
	at mlnr.gui.FrameEmbroideryDraw.setZoom(FrameEmbroideryDraw.java:1567)
	at mlnr.gui.FrameEmbroideryDraw$ViewMenuListen.actionPerformed(FrameEmbroideryDraw.java:1773)
	at javax.swing.AbstractButton.fireActionPerformed(AbstractButton.java:1995)
	at javax.swing.AbstractButton$Handler.actionPerformed(AbstractButton.java:2318)
	at javax.swing.DefaultButtonModel.fireActionPerformed(DefaultButtonModel.java:387)
	at javax.swing.JToggleButton$ToggleButtonModel.setPressed(JToggleButton.java:291)
	at javax.swing.AbstractButton.doClick(AbstractButton.java:357)
	at javax.swing.plaf.basic.BasicMenuItemUI.doClick(BasicMenuItemUI.java:1220)
	at javax.swing.plaf.basic.BasicMenuItemUI$Handler.mouseReleased(BasicMenuItemUI.java:1261)
	at java.awt.Component.processMouseEvent(Component.java:6041)
	at javax.swing.JComponent.processMouseEvent(JComponent.java:3265)
	at java.awt.Component.processEvent(Component.java:5806)
	at java.awt.Container.processEvent(Container.java:2058)
	at java.awt.Component.dispatchEventImpl(Component.java:4413)
	at java.awt.Container.dispatchEventImpl(Container.java:2116)
	at java.awt.Component.dispatchEvent(Component.java:4243)
	at java.awt.LightweightDispatcher.retargetMouseEvent(Container.java:4322)
	at java.awt.LightweightDispatcher.processMouseEvent(Container.java:3986)
	at java.awt.LightweightDispatcher.dispatchEvent(Container.java:3916)
	at java.awt.Container.dispatchEventImpl(Container.java:2102)
	at java.awt.Window.dispatchEventImpl(Window.java:2440)
	at java.awt.Component.dispatchEvent(Component.java:4243)
	at java.awt.EventQueue.dispatchEvent(EventQueue.java:599)
	at java.awt.EventDispatchThread.pumpOneEventForFilters(EventDispatchThread.java:273)
	at java.awt.EventDispatchThread.pumpEventsForFilter(EventDispatchThread.java:183)
	at java.awt.EventDispatchThread.pumpEventsForHierarchy(EventDispatchThread.java:173)
	at java.awt.EventDispatchThread.pumpEvents(EventDispatchThread.java:168)
	at java.awt.EventDispatchThread.pumpEvents(EventDispatchThread.java:160)
	at java.awt.EventDispatchThread.run(EventDispatchThread.java:121)
## ======== Embroidery Draw VERSION: 2.0.0======== 
java.lang.IllegalArgumentException: toggleViewMenuItem(100percent) Unknown item to zoom on.
	at mlnr.gui.FrameEmbroideryDraw.toggleViewMenuItem(FrameEmbroideryDraw.java:1267)
	at mlnr.gui.FrameEmbroideryDraw.zoomItem(FrameEmbroideryDraw.java:1575)
	at mlnr.gui.FrameEmbroideryDraw$ViewMenuListen.actionPerformed(FrameEmbroideryDraw.java:1787)
	at javax.swing.AbstractButton.fireActionPerformed(AbstractButton.java:1995)
	at javax.swing.AbstractButton$Handler.actionPerformed(AbstractButton.java:2318)
	at javax.swing.DefaultButtonModel.fireActionPerformed(DefaultButtonModel.java:387)
	at javax.swing.DefaultButtonModel.setPressed(DefaultButtonModel.java:242)
	at javax.swing.AbstractButton.doClick(AbstractButton.java:357)
	at javax.swing.plaf.basic.BasicMenuItemUI.doClick(BasicMenuItemUI.java:1220)
	at javax.swing.plaf.basic.BasicMenuItemUI$Handler.mouseReleased(BasicMenuItemUI.java:1261)
	at java.awt.Component.processMouseEvent(Component.java:6041)
	at javax.swing.JComponent.processMouseEvent(JComponent.java:3265)
	at java.awt.Component.processEvent(Component.java:5806)
	at java.awt.Container.processEvent(Container.java:2058)
	at java.awt.Component.dispatchEventImpl(Component.java:4413)
	at java.awt.Container.dispatchEventImpl(Container.java:2116)
	at java.awt.Component.dispatchEvent(Component.java:4243)
	at java.awt.LightweightDispatcher.retargetMouseEvent(Container.java:4322)
	at java.awt.LightweightDispatcher.processMouseEvent(Container.java:3986)
	at java.awt.LightweightDispatcher.dispatchEvent(Container.java:3916)
	at java.awt.Container.dispatchEventImpl(Container.java:2102)
	at java.awt.Window.dispatchEventImpl(Window.java:2440)
	at java.awt.Component.dispatchEvent(Component.java:4243)
	at java.awt.EventQueue.dispatchEvent(EventQueue.java:599)
	at java.awt.EventDispatchThread.pumpOneEventForFilters(EventDispatchThread.java:273)
	at java.awt.EventDispatchThread.pumpEventsForFilter(EventDispatchThread.java:183)
	at java.awt.EventDispatchThread.pumpEventsForHierarchy(EventDispatchThread.java:173)
	at java.awt.EventDispatchThread.pumpEvents(EventDispatchThread.java:168)
	at java.awt.EventDispatchThread.pumpEvents(EventDispatchThread.java:160)
	at java.awt.EventDispatchThread.run(EventDispatchThread.java:121)
## ======== Embroidery Draw VERSION: 2.0.0======== 
java.lang.IllegalArgumentException: setZoom() document must exist.
	at mlnr.gui.cpnt.DesignTabbedPane.setZoom(DesignTabbedPane.java:280)
	at mlnr.gui.FrameEmbroideryDraw.setZoom(FrameEmbroideryDraw.java:1569)
	at mlnr.gui.FrameEmbroideryDraw$ViewMenuListen.actionPerformed(FrameEmbroideryDraw.java:1773)
	at javax.swing.AbstractButton.fireActionPerformed(AbstractButton.java:1995)
	at javax.swing.AbstractButton$Handler.actionPerformed(AbstractButton.java:2318)
	at javax.swing.DefaultButtonModel.fireActionPerformed(DefaultButtonModel.java:387)
	at javax.swing.JToggleButton$ToggleButtonModel.setPressed(JToggleButton.java:291)
	at javax.swing.AbstractButton.doClick(AbstractButton.java:357)
	at javax.swing.plaf.basic.BasicMenuItemUI.doClick(BasicMenuItemUI.java:1220)
	at javax.swing.plaf.basic.BasicMenuItemUI$Handler.mouseReleased(BasicMenuItemUI.java:1261)
	at java.awt.Component.processMouseEvent(Component.java:6041)
	at javax.swing.JComponent.processMouseEvent(JComponent.java:3265)
	at java.awt.Component.processEvent(Component.java:5806)
	at java.awt.Container.processEvent(Container.java:2058)
	at java.awt.Component.dispatchEventImpl(Component.java:4413)
	at java.awt.Container.dispatchEventImpl(Container.java:2116)
	at java.awt.Component.dispatchEvent(Component.java:4243)
	at java.awt.LightweightDispatcher.retargetMouseEvent(Container.java:4322)
	at java.awt.LightweightDispatcher.processMouseEvent(Container.java:3986)
	at java.awt.LightweightDispatcher.dispatchEvent(Container.java:3916)
	at java.awt.Container.dispatchEventImpl(Container.java:2102)
	at java.awt.Window.dispatchEventImpl(Window.java:2440)
	at java.awt.Component.dispatchEvent(Component.java:4243)
	at java.awt.EventQueue.dispatchEvent(EventQueue.java:599)
	at java.awt.EventDispatchThread.pumpOneEventForFilters(EventDispatchThread.java:273)
	at java.awt.EventDispatchThread.pumpEventsForFilter(EventDispatchThread.java:183)
	at java.awt.EventDispatchThread.pumpEventsForHierarchy(EventDispatchThread.java:173)
	at java.awt.EventDispatchThread.pumpEvents(EventDispatchThread.java:168)
	at java.awt.EventDispatchThread.pumpEvents(EventDispatchThread.java:160)
	at java.awt.EventDispatchThread.run(EventDispatchThread.java:121)
## ======== Embroidery Draw VERSION: 2.0.0======== 
java.lang.IllegalArgumentException: setZoom() document must exist.
	at mlnr.gui.cpnt.DesignTabbedPane.setZoom(DesignTabbedPane.java:280)
	at mlnr.gui.FrameEmbroideryDraw.setZoom(FrameEmbroideryDraw.java:1569)
	at mlnr.gui.FrameEmbroideryDraw$ViewMenuListen.actionPerformed(FrameEmbroideryDraw.java:1771)
	at javax.swing.AbstractButton.fireActionPerformed(AbstractButton.java:1995)
	at javax.swing.AbstractButton$Handler.actionPerformed(AbstractButton.java:2318)
	at javax.swing.DefaultButtonModel.fireActionPerformed(DefaultButtonModel.java:387)
	at javax.swing.JToggleButton$ToggleButtonModel.setPressed(JToggleButton.java:291)
	at javax.swing.AbstractButton.doClick(AbstractButton.java:357)
	at javax.swing.plaf.basic.BasicMenuItemUI.doClick(BasicMenuItemUI.java:1220)
	at javax.swing.plaf.basic.BasicMenuItemUI$Handler.mouseReleased(BasicMenuItemUI.java:1261)
	at java.awt.Component.processMouseEvent(Component.java:6041)
	at javax.swing.JComponent.processMouseEvent(JComponent.java:3265)
	at java.awt.Component.processEvent(Component.java:5806)
	at java.awt.Container.processEvent(Container.java:2058)
	at java.awt.Component.dispatchEventImpl(Component.java:4413)
	at java.awt.Container.dispatchEventImpl(Container.java:2116)
	at java.awt.Component.dispatchEvent(Component.java:4243)
	at java.awt.LightweightDispatcher.retargetMouseEvent(Container.java:4322)
	at java.awt.LightweightDispatcher.processMouseEvent(Container.java:3986)
	at java.awt.LightweightDispatcher.dispatchEvent(Container.java:3916)
	at java.awt.Container.dispatchEventImpl(Container.java:2102)
	at java.awt.Window.dispatchEventImpl(Window.java:2440)
	at java.awt.Component.dispatchEvent(Component.java:4243)
	at java.awt.EventQueue.dispatchEvent(EventQueue.java:599)
	at java.awt.EventDispatchThread.pumpOneEventForFilters(EventDispatchThread.java:273)
	at java.awt.EventDispatchThread.pumpEventsForFilter(EventDispatchThread.java:183)
	at java.awt.EventDispatchThread.pumpEventsForHierarchy(EventDispatchThread.java:173)
	at java.awt.EventDispatchThread.pumpEvents(EventDispatchThread.java:168)
	at java.awt.EventDispatchThread.pumpEvents(EventDispatchThread.java:160)
	at java.awt.EventDispatchThread.run(EventDispatchThread.java:121)
## ======== Embroidery Draw VERSION: 2.0.0======== 
java.lang.IllegalArgumentException: setZoom() document must exist.
	at mlnr.gui.cpnt.DesignTabbedPane.setZoom(DesignTabbedPane.java:245)
	at mlnr.gui.FrameEmbroideryDraw.zoomItem(FrameEmbroideryDraw.java:1575)
	at mlnr.gui.FrameEmbroideryDraw$ViewMenuListen.actionPerformed(FrameEmbroideryDraw.java:1769)
	at javax.swing.AbstractButton.fireActionPerformed(AbstractButton.java:1995)
	at javax.swing.AbstractButton$Handler.actionPerformed(AbstractButton.java:2318)
	at javax.swing.DefaultButtonModel.fireActionPerformed(DefaultButtonModel.java:387)
	at javax.swing.JToggleButton$ToggleButtonModel.setPressed(JToggleButton.java:291)
	at javax.swing.AbstractButton.doClick(AbstractButton.java:357)
	at javax.swing.plaf.basic.BasicMenuItemUI.doClick(BasicMenuItemUI.java:1220)
	at javax.swing.plaf.basic.BasicMenuItemUI$Handler.mouseReleased(BasicMenuItemUI.java:1261)
	at java.awt.Component.processMouseEvent(Component.java:6041)
	at javax.swing.JComponent.processMouseEvent(JComponent.java:3265)
	at java.awt.Component.processEvent(Component.java:5806)
	at java.awt.Container.processEvent(Container.java:2058)
	at java.awt.Component.dispatchEventImpl(Component.java:4413)
	at java.awt.Container.dispatchEventImpl(Container.java:2116)
	at java.awt.Component.dispatchEvent(Component.java:4243)
	at java.awt.LightweightDispatcher.retargetMouseEvent(Container.java:4322)
	at java.awt.LightweightDispatcher.processMouseEvent(Container.java:3986)
	at java.awt.LightweightDispatcher.dispatchEvent(Container.java:3916)
	at java.awt.Container.dispatchEventImpl(Container.java:2102)
	at java.awt.Window.dispatchEventImpl(Window.java:2440)
	at java.awt.Component.dispatchEvent(Component.java:4243)
	at java.awt.EventQueue.dispatchEvent(EventQueue.java:599)
	at java.awt.EventDispatchThread.pumpOneEventForFilters(EventDispatchThread.java:273)
	at java.awt.EventDispatchThread.pumpEventsForFilter(EventDispatchThread.java:183)
	at java.awt.EventDispatchThread.pumpEventsForHierarchy(EventDispatchThread.java:173)
	at java.awt.EventDispatchThread.pumpEvents(EventDispatchThread.java:168)
	at java.awt.EventDispatchThread.pumpEvents(EventDispatchThread.java:160)
	at java.awt.EventDispatchThread.run(EventDispatchThread.java:121)
## ======== Embroidery Draw VERSION: 2.0.0======== 
java.lang.NullPointerException
	at javax.swing.ImageIcon.<init>(ImageIcon.java:138)
	at mlnr.gui.dlg.DialogFreeStandingLaceGenerator.initComponents(DialogFreeStandingLaceGenerator.java:379)
	at mlnr.gui.dlg.DialogFreeStandingLaceGenerator.<init>(DialogFreeStandingLaceGenerator.java:31)
	at mlnr.EmbroideryDraw.generateFreeStandingLace(EmbroideryDraw.java:346)
	at mlnr.gui.FrameEmbroideryDraw.generateFreeStandingLace(FrameEmbroideryDraw.java:1344)
	at mlnr.gui.FrameEmbroideryDraw.access$700(FrameEmbroideryDraw.java:44)
	at mlnr.gui.FrameEmbroideryDraw$BarGeneratorListen.actionPerformed(FrameEmbroideryDraw.java:1993)
	at javax.swing.AbstractButton.fireActionPerformed(AbstractButton.java:1995)
	at javax.swing.AbstractButton$Handler.actionPerformed(AbstractButton.java:2318)
	at javax.swing.DefaultButtonModel.fireActionPerformed(DefaultButtonModel.java:387)
	at javax.swing.DefaultButtonModel.setPressed(DefaultButtonModel.java:242)
	at javax.swing.plaf.basic.BasicButtonListener.mouseReleased(BasicButtonListener.java:236)
	at java.awt.AWTEventMulticaster.mouseReleased(AWTEventMulticaster.java:272)
	at java.awt.Component.processMouseEvent(Component.java:6041)
	at javax.swing.JComponent.processMouseEvent(JComponent.java:3265)
	at java.awt.Component.processEvent(Component.java:5806)
	at java.awt.Container.processEvent(Container.java:2058)
	at java.awt.Component.dispatchEventImpl(Component.java:4413)
	at java.awt.Container.dispatchEventImpl(Container.java:2116)
	at java.awt.Component.dispatchEvent(Component.java:4243)
	at java.awt.LightweightDispatcher.retargetMouseEvent(Container.java:4322)
	at java.awt.LightweightDispatcher.processMouseEvent(Container.java:3986)
	at java.awt.LightweightDispatcher.dispatchEvent(Container.java:3916)
	at java.awt.Container.dispatchEventImpl(Container.java:2102)
	at java.awt.Window.dispatchEventImpl(Window.java:2440)
	at java.awt.Component.dispatchEvent(Component.java:4243)
	at java.awt.EventQueue.dispatchEvent(EventQueue.java:599)
	at java.awt.EventDispatchThread.pumpOneEventForFilters(EventDispatchThread.java:273)
	at java.awt.EventDispatchThread.pumpEventsForFilter(EventDispatchThread.java:183)
	at java.awt.EventDispatchThread.pumpEventsForHierarchy(EventDispatchThread.java:173)
	at java.awt.EventDispatchThread.pumpEvents(EventDispatchThread.java:168)
	at java.awt.EventDispatchThread.pumpEvents(EventDispatchThread.java:160)
	at java.awt.EventDispatchThread.run(EventDispatchThread.java:121)
## ======== Embroidery Draw VERSION: 2.0.0======== 
java.lang.NullPointerException
	at javax.swing.ImageIcon.<init>(ImageIcon.java:138)
	at mlnr.gui.dlg.DialogFreeStandingLaceGenerator.initComponents(DialogFreeStandingLaceGenerator.java:379)
	at mlnr.gui.dlg.DialogFreeStandingLaceGenerator.<init>(DialogFreeStandingLaceGenerator.java:31)
	at mlnr.EmbroideryDraw.generateFreeStandingLace(EmbroideryDraw.java:346)
	at mlnr.gui.FrameEmbroideryDraw.generateFreeStandingLace(FrameEmbroideryDraw.java:1344)
	at mlnr.gui.FrameEmbroideryDraw.access$700(FrameEmbroideryDraw.java:44)
	at mlnr.gui.FrameEmbroideryDraw$BarGeneratorListen.actionPerformed(FrameEmbroideryDraw.java:1993)
	at javax.swing.AbstractButton.fireActionPerformed(AbstractButton.java:1995)
	at javax.swing.AbstractButton$Handler.actionPerformed(AbstractButton.java:2318)
	at javax.swing.DefaultButtonModel.fireActionPerformed(DefaultButtonModel.java:387)
	at javax.swing.DefaultButtonModel.setPressed(DefaultButtonModel.java:242)
	at javax.swing.plaf.basic.BasicButtonListener.mouseReleased(BasicButtonListener.java:236)
	at java.awt.AWTEventMulticaster.mouseReleased(AWTEventMulticaster.java:272)
	at java.awt.Component.processMouseEvent(Component.java:6041)
	at javax.swing.JComponent.processMouseEvent(JComponent.java:3265)
	at java.awt.Component.processEvent(Component.java:5806)
	at java.awt.Container.processEvent(Container.java:2058)
	at java.awt.Component.dispatchEventImpl(Component.java:4413)
	at java.awt.Container.dispatchEventImpl(Container.java:2116)
	at java.awt.Component.dispatchEvent(Component.java:4243)
	at java.awt.LightweightDispatcher.retargetMouseEvent(Container.java:4322)
	at java.awt.LightweightDispatcher.processMouseEvent(Container.java:3986)
	at java.awt.LightweightDispatcher.dispatchEvent(Container.java:3916)
	at java.awt.Container.dispatchEventImpl(Container.java:2102)
	at java.awt.Window.dispatchEventImpl(Window.java:2440)
	at java.awt.Component.dispatchEvent(Component.java:4243)
	at java.awt.EventQueue.dispatchEvent(EventQueue.java:599)
	at java.awt.EventDispatchThread.pumpOneEventForFilters(EventDispatchThread.java:273)
	at java.awt.EventDispatchThread.pumpEventsForFilter(EventDispatchThread.java:183)
	at java.awt.EventDispatchThread.pumpEventsForHierarchy(EventDispatchThread.java:173)
	at java.awt.EventDispatchThread.pumpEvents(EventDispatchThread.java:168)
	at java.awt.EventDispatchThread.pumpEvents(EventDispatchThread.java:160)
	at java.awt.EventDispatchThread.run(EventDispatchThread.java:121)
## ======== Embroidery Draw VERSION: 2.0.0======== 
java.lang.NullPointerException
	at javax.swing.ImageIcon.<init>(ImageIcon.java:138)
	at mlnr.gui.dlg.DialogFreeStandingLaceGenerator.initComponents(DialogFreeStandingLaceGenerator.java:379)
	at mlnr.gui.dlg.DialogFreeStandingLaceGenerator.<init>(DialogFreeStandingLaceGenerator.java:31)
	at mlnr.EmbroideryDraw.generateFreeStandingLace(EmbroideryDraw.java:346)
	at mlnr.gui.FrameEmbroideryDraw.generateFreeStandingLace(FrameEmbroideryDraw.java:1344)
	at mlnr.gui.FrameEmbroideryDraw.access$700(FrameEmbroideryDraw.java:44)
	at mlnr.gui.FrameEmbroideryDraw$BarGeneratorListen.actionPerformed(FrameEmbroideryDraw.java:1993)
	at javax.swing.AbstractButton.fireActionPerformed(AbstractButton.java:1995)
	at javax.swing.AbstractButton$Handler.actionPerformed(AbstractButton.java:2318)
	at javax.swing.DefaultButtonModel.fireActionPerformed(DefaultButtonModel.java:387)
	at javax.swing.DefaultButtonModel.setPressed(DefaultButtonModel.java:242)
	at javax.swing.plaf.basic.BasicButtonListener.mouseReleased(BasicButtonListener.java:236)
	at java.awt.AWTEventMulticaster.mouseReleased(AWTEventMulticaster.java:272)
	at java.awt.Component.processMouseEvent(Component.java:6041)
	at javax.swing.JComponent.processMouseEvent(JComponent.java:3265)
	at java.awt.Component.processEvent(Component.java:5806)
	at java.awt.Container.processEvent(Container.java:2058)
	at java.awt.Component.dispatchEventImpl(Component.java:4413)
	at java.awt.Container.dispatchEventImpl(Container.java:2116)
	at java.awt.Component.dispatchEvent(Component.java:4243)
	at java.awt.LightweightDispatcher.retargetMouseEvent(Container.java:4322)
	at java.awt.LightweightDispatcher.processMouseEvent(Container.java:3986)
	at java.awt.LightweightDispatcher.dispatchEvent(Container.java:3916)
	at java.awt.Container.dispatchEventImpl(Container.java:2102)
	at java.awt.Window.dispatchEventImpl(Window.java:2440)
	at java.awt.Component.dispatchEvent(Component.java:4243)
	at java.awt.EventQueue.dispatchEvent(EventQueue.java:599)
	at java.awt.EventDispatchThread.pumpOneEventForFilters(EventDispatchThread.java:273)
	at java.awt.EventDispatchThread.pumpEventsForFilter(EventDispatchThread.java:183)
	at java.awt.EventDispatchThread.pumpEventsForHierarchy(EventDispatchThread.java:173)
	at java.awt.EventDispatchThread.pumpEvents(EventDispatchThread.java:168)
	at java.awt.EventDispatchThread.pumpEvents(EventDispatchThread.java:160)
	at java.awt.EventDispatchThread.run(EventDispatchThread.java:121)
## ======== Embroidery Draw VERSION: 2.0.0======== 
java.lang.NullPointerException
	at javax.swing.ImageIcon.<init>(ImageIcon.java:138)
	at mlnr.gui.dlg.DialogFreeStandingLaceGenerator.initComponents(DialogFreeStandingLaceGenerator.java:386)
	at mlnr.gui.dlg.DialogFreeStandingLaceGenerator.<init>(DialogFreeStandingLaceGenerator.java:31)
	at mlnr.EmbroideryDraw.generateFreeStandingLace(EmbroideryDraw.java:346)
	at mlnr.gui.FrameEmbroideryDraw.generateFreeStandingLace(FrameEmbroideryDraw.java:1344)
	at mlnr.gui.FrameEmbroideryDraw.access$700(FrameEmbroideryDraw.java:44)
	at mlnr.gui.FrameEmbroideryDraw$BarGeneratorListen.actionPerformed(FrameEmbroideryDraw.java:1993)
	at javax.swing.AbstractButton.fireActionPerformed(AbstractButton.java:1995)
	at javax.swing.AbstractButton$Handler.actionPerformed(AbstractButton.java:2318)
	at javax.swing.DefaultButtonModel.fireActionPerformed(DefaultButtonModel.java:387)
	at javax.swing.DefaultButtonModel.setPressed(DefaultButtonModel.java:242)
	at javax.swing.plaf.basic.BasicButtonListener.mouseReleased(BasicButtonListener.java:236)
	at java.awt.AWTEventMulticaster.mouseReleased(AWTEventMulticaster.java:272)
	at java.awt.Component.processMouseEvent(Component.java:6041)
	at javax.swing.JComponent.processMouseEvent(JComponent.java:3265)
	at java.awt.Component.processEvent(Component.java:5806)
	at java.awt.Container.processEvent(Container.java:2058)
	at java.awt.Component.dispatchEventImpl(Component.java:4413)
	at java.awt.Container.dispatchEventImpl(Container.java:2116)
	at java.awt.Component.dispatchEvent(Component.java:4243)
	at java.awt.LightweightDispatcher.retargetMouseEvent(Container.java:4322)
	at java.awt.LightweightDispatcher.processMouseEvent(Container.java:3986)
	at java.awt.LightweightDispatcher.dispatchEvent(Container.java:3916)
	at java.awt.Container.dispatchEventImpl(Container.java:2102)
	at java.awt.Window.dispatchEventImpl(Window.java:2440)
	at java.awt.Component.dispatchEvent(Component.java:4243)
	at java.awt.EventQueue.dispatchEvent(EventQueue.java:599)
	at java.awt.EventDispatchThread.pumpOneEventForFilters(EventDispatchThread.java:273)
	at java.awt.EventDispatchThread.pumpEventsForFilter(EventDispatchThread.java:183)
	at java.awt.EventDispatchThread.pumpEventsForHierarchy(EventDispatchThread.java:173)
	at java.awt.EventDispatchThread.pumpEvents(EventDispatchThread.java:168)
	at java.awt.EventDispatchThread.pumpEvents(EventDispatchThread.java:160)
	at java.awt.EventDispatchThread.run(EventDispatchThread.java:121)
## ======== Embroidery Draw VERSION: 2.0.0======== 
java.lang.NullPointerException
	at javax.swing.ImageIcon.<init>(ImageIcon.java:138)
	at mlnr.gui.dlg.DialogFreeStandingLaceGenerator.initComponents(DialogFreeStandingLaceGenerator.java:386)
	at mlnr.gui.dlg.DialogFreeStandingLaceGenerator.<init>(DialogFreeStandingLaceGenerator.java:31)
	at mlnr.EmbroideryDraw.generateFreeStandingLace(EmbroideryDraw.java:346)
	at mlnr.gui.FrameEmbroideryDraw.generateFreeStandingLace(FrameEmbroideryDraw.java:1344)
	at mlnr.gui.FrameEmbroideryDraw.access$700(FrameEmbroideryDraw.java:44)
	at mlnr.gui.FrameEmbroideryDraw$BarGeneratorListen.actionPerformed(FrameEmbroideryDraw.java:1993)
	at javax.swing.AbstractButton.fireActionPerformed(AbstractButton.java:1995)
	at javax.swing.AbstractButton$Handler.actionPerformed(AbstractButton.java:2318)
	at javax.swing.DefaultButtonModel.fireActionPerformed(DefaultButtonModel.java:387)
	at javax.swing.DefaultButtonModel.setPressed(DefaultButtonModel.java:242)
	at javax.swing.plaf.basic.BasicButtonListener.mouseReleased(BasicButtonListener.java:236)
	at java.awt.AWTEventMulticaster.mouseReleased(AWTEventMulticaster.java:272)
	at java.awt.Component.processMouseEvent(Component.java:6041)
	at javax.swing.JComponent.processMouseEvent(JComponent.java:3265)
	at java.awt.Component.processEvent(Component.java:5806)
	at java.awt.Container.processEvent(Container.java:2058)
	at java.awt.Component.dispatchEventImpl(Component.java:4413)
	at java.awt.Container.dispatchEventImpl(Container.java:2116)
	at java.awt.Component.dispatchEvent(Component.java:4243)
	at java.awt.LightweightDispatcher.retargetMouseEvent(Container.java:4322)
	at java.awt.LightweightDispatcher.processMouseEvent(Container.java:3986)
	at java.awt.LightweightDispatcher.dispatchEvent(Container.java:3916)
	at java.awt.Container.dispatchEventImpl(Container.java:2102)
	at java.awt.Window.dispatchEventImpl(Window.java:2440)
	at java.awt.Component.dispatchEvent(Component.java:4243)
	at java.awt.EventQueue.dispatchEvent(EventQueue.java:599)
	at java.awt.EventDispatchThread.pumpOneEventForFilters(EventDispatchThread.java:273)
	at java.awt.EventDispatchThread.pumpEventsForFilter(EventDispatchThread.java:183)
	at java.awt.EventDispatchThread.pumpEventsForHierarchy(EventDispatchThread.java:173)
	at java.awt.EventDispatchThread.pumpEvents(EventDispatchThread.java:168)
	at java.awt.EventDispatchThread.pumpEvents(EventDispatchThread.java:160)
	at java.awt.EventDispatchThread.run(EventDispatchThread.java:121)
## ======== Embroidery Draw VERSION: 2.0.0======== 
java.lang.NullPointerException
	at javax.swing.ImageIcon.<init>(ImageIcon.java:138)
	at mlnr.gui.dlg.DialogFreeStandingLaceGenerator.initComponents(DialogFreeStandingLaceGenerator.java:258)
	at mlnr.gui.dlg.DialogFreeStandingLaceGenerator.<init>(DialogFreeStandingLaceGenerator.java:31)
	at mlnr.EmbroideryDraw.generateFreeStandingLace(EmbroideryDraw.java:346)
	at mlnr.gui.FrameEmbroideryDraw.generateFreeStandingLace(FrameEmbroideryDraw.java:1344)
	at mlnr.gui.FrameEmbroideryDraw.access$700(FrameEmbroideryDraw.java:44)
	at mlnr.gui.FrameEmbroideryDraw$BarGeneratorListen.actionPerformed(FrameEmbroideryDraw.java:1991)
	at javax.swing.AbstractButton.fireActionPerformed(AbstractButton.java:1995)
	at javax.swing.AbstractButton$Handler.actionPerformed(AbstractButton.java:2318)
	at javax.swing.DefaultButtonModel.fireActionPerformed(DefaultButtonModel.java:387)
	at javax.swing.DefaultButtonModel.setPressed(DefaultButtonModel.java:242)
	at javax.swing.plaf.basic.BasicButtonListener.mouseReleased(BasicButtonListener.java:236)
	at java.awt.AWTEventMulticaster.mouseReleased(AWTEventMulticaster.java:272)
	at java.awt.Component.processMouseEvent(Component.java:6041)
	at javax.swing.JComponent.processMouseEvent(JComponent.java:3265)
	at java.awt.Component.processEvent(Component.java:5806)
	at java.awt.Container.processEvent(Container.java:2058)
	at java.awt.Component.dispatchEventImpl(Component.java:4413)
	at java.awt.Container.dispatchEventImpl(Container.java:2116)
	at java.awt.Component.dispatchEvent(Component.java:4243)
	at java.awt.LightweightDispatcher.retargetMouseEvent(Container.java:4322)
	at java.awt.LightweightDispatcher.processMouseEvent(Container.java:3986)
	at java.awt.LightweightDispatcher.dispatchEvent(Container.java:3916)
	at java.awt.Container.dispatchEventImpl(Container.java:2102)
	at java.awt.Window.dispatchEventImpl(Window.java:2440)
	at java.awt.Component.dispatchEvent(Component.java:4243)
	at java.awt.EventQueue.dispatchEvent(EventQueue.java:599)
	at java.awt.EventDispatchThread.pumpOneEventForFilters(EventDispatchThread.java:273)
	at java.awt.EventDispatchThread.pumpEventsForFilter(EventDispatchThread.java:183)
	at java.awt.EventDispatchThread.pumpEventsForHierarchy(EventDispatchThread.java:173)
	at java.awt.EventDispatchThread.pumpEvents(EventDispatchThread.java:168)
	at java.awt.EventDispatchThread.pumpEvents(EventDispatchThread.java:160)
	at java.awt.EventDispatchThread.run(EventDispatchThread.java:121)
## ======== Embroidery Draw VERSION: 2.0.0======== 
java.lang.NullPointerException
	at mlnr.gui.cpnt.DesignTabbedPane.notifyDocumentChanged(DesignTabbedPane.java:165)
	at mlnr.gui.FrameEmbroideryDraw.notifyDocumentChanged(FrameEmbroideryDraw.java:1452)
	at mlnr.draw.DrawingDesign$UndoSystemDesign.add(DrawingDesign.java:937)
	at mlnr.draw.DrawingDesign.addSelect(DrawingDesign.java:392)
	at mlnr.gui.cpnt.DrawingPad.finalizeSelectedItems(DrawingPad.java:358)
	at mlnr.gui.tool.ToolMove.complete(ToolMove.java:128)
	at mlnr.gui.tool.ToolMove.onFinalize(ToolMove.java:63)
	at mlnr.EmbroideryDraw.newTool(EmbroideryDraw.java:442)
	at mlnr.gui.cpnt.DesignTabbedPane.stateChanged(DesignTabbedPane.java:454)
	at javax.swing.JTabbedPane.fireStateChanged(JTabbedPane.java:400)
	at javax.swing.JTabbedPane$ModelListener.stateChanged(JTabbedPane.java:253)
	at javax.swing.DefaultSingleSelectionModel.fireStateChanged(DefaultSingleSelectionModel.java:116)
	at javax.swing.DefaultSingleSelectionModel.setSelectedIndex(DefaultSingleSelectionModel.java:50)
	at javax.swing.JTabbedPane.setSelectedIndexImpl(JTabbedPane.java:599)
	at javax.swing.JTabbedPane.setSelectedIndex(JTabbedPane.java:574)
	at javax.swing.JTabbedPane.insertTab(JTabbedPane.java:708)
	at javax.swing.JTabbedPane.addTab(JTabbedPane.java:775)
	at javax.swing.JTabbedPane.add(JTabbedPane.java:792)
	at mlnr.gui.cpnt.DesignTabbedPane.addDesignDocument(DesignTabbedPane.java:142)
	at mlnr.gui.FrameEmbroideryDraw.addDocument(FrameEmbroideryDraw.java:1335)
	at mlnr.gui.FrameEmbroideryDraw.newFile(FrameEmbroideryDraw.java:1134)
	at mlnr.gui.FrameEmbroideryDraw.access$400(FrameEmbroideryDraw.java:44)
	at mlnr.gui.FrameEmbroideryDraw$BarStandardListen.actionPerformed(FrameEmbroideryDraw.java:2114)
	at javax.swing.AbstractButton.fireActionPerformed(AbstractButton.java:1995)
	at javax.swing.AbstractButton$Handler.actionPerformed(AbstractButton.java:2318)
	at javax.swing.DefaultButtonModel.fireActionPerformed(DefaultButtonModel.java:387)
	at javax.swing.DefaultButtonModel.setPressed(DefaultButtonModel.java:242)
	at javax.swing.plaf.basic.BasicButtonListener.mouseReleased(BasicButtonListener.java:236)
	at java.awt.AWTEventMulticaster.mouseReleased(AWTEventMulticaster.java:272)
	at java.awt.Component.processMouseEvent(Component.java:6041)
	at javax.swing.JComponent.processMouseEvent(JComponent.java:3265)
	at java.awt.Component.processEvent(Component.java:5806)
	at java.awt.Container.processEvent(Container.java:2058)
	at java.awt.Component.dispatchEventImpl(Component.java:4413)
	at java.awt.Container.dispatchEventImpl(Container.java:2116)
	at java.awt.Component.dispatchEvent(Component.java:4243)
	at java.awt.LightweightDispatcher.retargetMouseEvent(Container.java:4322)
	at java.awt.LightweightDispatcher.processMouseEvent(Container.java:3986)
	at java.awt.LightweightDispatcher.dispatchEvent(Container.java:3916)
	at java.awt.Container.dispatchEventImpl(Container.java:2102)
	at java.awt.Window.dispatchEventImpl(Window.java:2440)
	at java.awt.Component.dispatchEvent(Component.java:4243)
	at java.awt.EventQueue.dispatchEvent(EventQueue.java:599)
	at java.awt.EventDispatchThread.pumpOneEventForFilters(EventDispatchThread.java:273)
	at java.awt.EventDispatchThread.pumpEventsForFilter(EventDispatchThread.java:183)
	at java.awt.EventDispatchThread.pumpEventsForHierarchy(EventDispatchThread.java:173)
	at java.awt.EventDispatchThread.pumpEvents(EventDispatchThread.java:168)
	at java.awt.EventDispatchThread.pumpEvents(EventDispatchThread.java:160)
	at java.awt.EventDispatchThread.run(EventDispatchThread.java:121)
## ======== Embroidery Draw VERSION: 2.0.0======== 
java.lang.NullPointerException
	at mlnr.gui.cpnt.DesignTabbedPane.notifyDocumentChanged(DesignTabbedPane.java:165)
	at mlnr.gui.FrameEmbroideryDraw.notifyDocumentChanged(FrameEmbroideryDraw.java:1452)
	at mlnr.draw.DrawingDesign$UndoSystemDesign.add(DrawingDesign.java:937)
	at mlnr.draw.DrawingDesign.addSelect(DrawingDesign.java:392)
	at mlnr.gui.cpnt.DrawingPad.finalizeSelectedItems(DrawingPad.java:358)
	at mlnr.gui.tool.ToolMove.complete(ToolMove.java:128)
	at mlnr.gui.tool.ToolMove.onFinalize(ToolMove.java:63)
	at mlnr.EmbroideryDraw.newTool(EmbroideryDraw.java:442)
	at mlnr.gui.cpnt.DesignTabbedPane.finalizeAdvanceSelectTools(DesignTabbedPane.java:181)
	at mlnr.gui.FrameEmbroideryDraw$FileMenuListen.actionPerformed(FrameEmbroideryDraw.java:1662)
	at javax.swing.AbstractButton.fireActionPerformed(AbstractButton.java:1995)
	at javax.swing.AbstractButton$Handler.actionPerformed(AbstractButton.java:2318)
	at javax.swing.DefaultButtonModel.fireActionPerformed(DefaultButtonModel.java:387)
	at javax.swing.DefaultButtonModel.setPressed(DefaultButtonModel.java:242)
	at javax.swing.AbstractButton.doClick(AbstractButton.java:357)
	at javax.swing.plaf.basic.BasicMenuItemUI.doClick(BasicMenuItemUI.java:1220)
	at javax.swing.plaf.basic.BasicMenuItemUI$Handler.mouseReleased(BasicMenuItemUI.java:1261)
	at java.awt.Component.processMouseEvent(Component.java:6041)
	at javax.swing.JComponent.processMouseEvent(JComponent.java:3265)
	at java.awt.Component.processEvent(Component.java:5806)
	at java.awt.Container.processEvent(Container.java:2058)
	at java.awt.Component.dispatchEventImpl(Component.java:4413)
	at java.awt.Container.dispatchEventImpl(Container.java:2116)
	at java.awt.Component.dispatchEvent(Component.java:4243)
	at java.awt.LightweightDispatcher.retargetMouseEvent(Container.java:4322)
	at java.awt.LightweightDispatcher.processMouseEvent(Container.java:3986)
	at java.awt.LightweightDispatcher.dispatchEvent(Container.java:3916)
	at java.awt.Container.dispatchEventImpl(Container.java:2102)
	at java.awt.Window.dispatchEventImpl(Window.java:2440)
	at java.awt.Component.dispatchEvent(Component.java:4243)
	at java.awt.EventQueue.dispatchEvent(EventQueue.java:599)
	at java.awt.EventDispatchThread.pumpOneEventForFilters(EventDispatchThread.java:273)
	at java.awt.EventDispatchThread.pumpEventsForFilter(EventDispatchThread.java:183)
	at java.awt.EventDispatchThread.pumpEventsForHierarchy(EventDispatchThread.java:173)
	at java.awt.EventDispatchThread.pumpEvents(EventDispatchThread.java:168)
	at java.awt.EventDispatchThread.pumpEvents(EventDispatchThread.java:160)
	at java.awt.EventDispatchThread.run(EventDispatchThread.java:121)
## ======== Embroidery Draw VERSION: 2.0.0======== 
java.lang.NullPointerException
	at mlnr.gui.cpnt.DesignTabbedPane.notifyDocumentChanged(DesignTabbedPane.java:165)
	at mlnr.gui.FrameEmbroideryDraw.notifyDocumentChanged(FrameEmbroideryDraw.java:1453)
	at mlnr.draw.DrawingDesign$UndoSystemDesign.add(DrawingDesign.java:937)
	at mlnr.draw.DrawingDesign.addSelect(DrawingDesign.java:392)
	at mlnr.gui.cpnt.DrawingPad.finalizeSelectedItems(DrawingPad.java:358)
	at mlnr.gui.tool.ToolMove.complete(ToolMove.java:128)
	at mlnr.gui.tool.ToolMove.onFinalize(ToolMove.java:63)
	at mlnr.EmbroideryDraw.newTool(EmbroideryDraw.java:442)
	at mlnr.gui.cpnt.DesignTabbedPane.stateChanged(DesignTabbedPane.java:454)
	at javax.swing.JTabbedPane.fireStateChanged(JTabbedPane.java:400)
	at javax.swing.JTabbedPane$ModelListener.stateChanged(JTabbedPane.java:253)
	at javax.swing.DefaultSingleSelectionModel.fireStateChanged(DefaultSingleSelectionModel.java:116)
	at javax.swing.DefaultSingleSelectionModel.setSelectedIndex(DefaultSingleSelectionModel.java:50)
	at javax.swing.JTabbedPane.setSelectedIndexImpl(JTabbedPane.java:599)
	at javax.swing.JTabbedPane.setSelectedIndex(JTabbedPane.java:574)
	at javax.swing.JTabbedPane.insertTab(JTabbedPane.java:708)
	at javax.swing.JTabbedPane.addTab(JTabbedPane.java:775)
	at javax.swing.JTabbedPane.add(JTabbedPane.java:792)
	at mlnr.gui.cpnt.DesignTabbedPane.addDesignDocument(DesignTabbedPane.java:142)
	at mlnr.gui.FrameEmbroideryDraw.addDocument(FrameEmbroideryDraw.java:1336)
	at mlnr.gui.FrameEmbroideryDraw.newFile(FrameEmbroideryDraw.java:1135)
	at mlnr.gui.FrameEmbroideryDraw.access$400(FrameEmbroideryDraw.java:44)
	at mlnr.gui.FrameEmbroideryDraw$BarStandardListen.actionPerformed(FrameEmbroideryDraw.java:2115)
	at javax.swing.AbstractButton.fireActionPerformed(AbstractButton.java:1995)
	at javax.swing.AbstractButton$Handler.actionPerformed(AbstractButton.java:2318)
	at javax.swing.DefaultButtonModel.fireActionPerformed(DefaultButtonModel.java:387)
	at javax.swing.DefaultButtonModel.setPressed(DefaultButtonModel.java:242)
	at javax.swing.plaf.basic.BasicButtonListener.mouseReleased(BasicButtonListener.java:236)
	at java.awt.AWTEventMulticaster.mouseReleased(AWTEventMulticaster.java:272)
	at java.awt.Component.processMouseEvent(Component.java:6041)
	at javax.swing.JComponent.processMouseEvent(JComponent.java:3265)
	at java.awt.Component.processEvent(Component.java:5806)
	at java.awt.Container.processEvent(Container.java:2058)
	at java.awt.Component.dispatchEventImpl(Component.java:4413)
	at java.awt.Container.dispatchEventImpl(Container.java:2116)
	at java.awt.Component.dispatchEvent(Component.java:4243)
	at java.awt.LightweightDispatcher.retargetMouseEvent(Container.java:4322)
	at java.awt.LightweightDispatcher.processMouseEvent(Container.java:3986)
	at java.awt.LightweightDispatcher.dispatchEvent(Container.java:3916)
	at java.awt.Container.dispatchEventImpl(Container.java:2102)
	at java.awt.Window.dispatchEventImpl(Window.java:2440)
	at java.awt.Component.dispatchEvent(Component.java:4243)
	at java.awt.EventQueue.dispatchEvent(EventQueue.java:599)
	at java.awt.EventDispatchThread.pumpOneEventForFilters(EventDispatchThread.java:273)
	at java.awt.EventDispatchThread.pumpEventsForFilter(EventDispatchThread.java:183)
	at java.awt.EventDispatchThread.pumpEventsForHierarchy(EventDispatchThread.java:173)
	at java.awt.EventDispatchThread.pumpEvents(EventDispatchThread.java:168)
	at java.awt.EventDispatchThread.pumpEvents(EventDispatchThread.java:160)
	at java.awt.EventDispatchThread.run(EventDispatchThread.java:121)
## ======== Embroidery Draw VERSION: 2.0.0======== 
java.lang.IllegalArgumentException: forceZoom() document must exist.
	at mlnr.gui.cpnt.DesignTabbedPane.forceZoom(DesignTabbedPane.java:267)
	at mlnr.gui.FrameEmbroideryDraw$EditMenuListen.actionPerformed(FrameEmbroideryDraw.java:1754)
	at javax.swing.AbstractButton.fireActionPerformed(AbstractButton.java:1995)
	at javax.swing.AbstractButton$Handler.actionPerformed(AbstractButton.java:2318)
	at javax.swing.DefaultButtonModel.fireActionPerformed(DefaultButtonModel.java:387)
	at javax.swing.DefaultButtonModel.setPressed(DefaultButtonModel.java:242)
	at javax.swing.AbstractButton.doClick(AbstractButton.java:357)
	at javax.swing.plaf.basic.BasicMenuItemUI.doClick(BasicMenuItemUI.java:1220)
	at javax.swing.plaf.basic.BasicMenuItemUI$Handler.mouseReleased(BasicMenuItemUI.java:1261)
	at java.awt.Component.processMouseEvent(Component.java:6041)
	at javax.swing.JComponent.processMouseEvent(JComponent.java:3265)
	at java.awt.Component.processEvent(Component.java:5806)
	at java.awt.Container.processEvent(Container.java:2058)
	at java.awt.Component.dispatchEventImpl(Component.java:4413)
	at java.awt.Container.dispatchEventImpl(Container.java:2116)
	at java.awt.Component.dispatchEvent(Component.java:4243)
	at java.awt.LightweightDispatcher.retargetMouseEvent(Container.java:4322)
	at java.awt.LightweightDispatcher.processMouseEvent(Container.java:3986)
	at java.awt.LightweightDispatcher.dispatchEvent(Container.java:3916)
	at java.awt.Container.dispatchEventImpl(Container.java:2102)
	at java.awt.Window.dispatchEventImpl(Window.java:2440)
	at java.awt.Component.dispatchEvent(Component.java:4243)
	at java.awt.EventQueue.dispatchEvent(EventQueue.java:599)
	at java.awt.EventDispatchThread.pumpOneEventForFilters(EventDispatchThread.java:273)
	at java.awt.EventDispatchThread.pumpEventsForFilter(EventDispatchThread.java:183)
	at java.awt.EventDispatchThread.pumpEventsForHierarchy(EventDispatchThread.java:173)
	at java.awt.EventDispatchThread.pumpEvents(EventDispatchThread.java:168)
	at java.awt.EventDispatchThread.pumpEvents(EventDispatchThread.java:160)
	at java.awt.EventDispatchThread.run(EventDispatchThread.java:121)
## ======== Embroidery Draw VERSION: 2.0.0======== 
java.lang.NullPointerException
	at mlnr.gui.tool.ToolPullLineApart.pullLine(ToolPullLineApart.java:82)
	at mlnr.gui.tool.ToolPullLineApart.mousePressed(ToolPullLineApart.java:45)
	at java.awt.Component.processMouseEvent(Component.java:6038)
	at javax.swing.JComponent.processMouseEvent(JComponent.java:3265)
	at mlnr.gui.cpnt.DrawingPad.processMouseEvent(DrawingPad.java:647)
	at java.awt.Component.processEvent(Component.java:5806)
	at java.awt.Container.processEvent(Container.java:2058)
	at java.awt.Component.dispatchEventImpl(Component.java:4413)
	at java.awt.Container.dispatchEventImpl(Container.java:2116)
	at java.awt.Component.dispatchEvent(Component.java:4243)
	at java.awt.LightweightDispatcher.retargetMouseEvent(Container.java:4322)
	at java.awt.LightweightDispatcher.processMouseEvent(Container.java:3983)
	at java.awt.LightweightDispatcher.dispatchEvent(Container.java:3916)
	at java.awt.Container.dispatchEventImpl(Container.java:2102)
	at java.awt.Window.dispatchEventImpl(Window.java:2440)
	at java.awt.Component.dispatchEvent(Component.java:4243)
	at java.awt.EventQueue.dispatchEvent(EventQueue.java:599)
	at java.awt.EventDispatchThread.pumpOneEventForFilters(EventDispatchThread.java:273)
	at java.awt.EventDispatchThread.pumpEventsForFilter(EventDispatchThread.java:183)
	at java.awt.EventDispatchThread.pumpEventsForHierarchy(EventDispatchThread.java:173)
	at java.awt.EventDispatchThread.pumpEvents(EventDispatchThread.java:168)
	at java.awt.EventDispatchThread.pumpEvents(EventDispatchThread.java:160)
	at java.awt.EventDispatchThread.run(EventDispatchThread.java:121)
